The system is: Linux - 5.17.5-surface - x86_64
Compiling the C compiler identification source file "CMakeCCompilerId.c" succeeded.
Compiler: /usr/local/bin/clang 
Build flags: 
Id flags:  

The output was:
0


Compilation of the C compiler identification source "CMakeCCompilerId.c" produced "a.out"

The C compiler identification is Clang, found in "/home/deb/Documents/OpenCL-Graph/build/CMakeFiles/3.23.2/CompilerIdC/a.out"

Compiling the CXX compiler identification source file "CMakeCXXCompilerId.cpp" succeeded.
Compiler: /usr/local/bin/clang++ 
Build flags: 
Id flags:  

The output was:
0


Compilation of the CXX compiler identification source "CMakeCXXCompilerId.cpp" produced "a.out"

The CXX compiler identification is Clang, found in "/home/deb/Documents/OpenCL-Graph/build/CMakeFiles/3.23.2/CompilerIdCXX/a.out"

Detecting C compiler ABI info compiled with the following output:
Change Dir: /home/deb/Documents/OpenCL-Graph/build/CMakeFiles/CMakeTmp

Run Build Command(s):/usr/bin/ninja cmTC_07f3e && [1/2] Building C object CMakeFiles/cmTC_07f3e.dir/CMakeCCompilerABI.c.o
clang version 14.0.5 (https://github.com/llvm/llvm-project.git b950bd2ce7ff79b203b2acba02e1c468836989ae)
Target: x86_64-unknown-linux-gnu
Thread model: posix
InstalledDir: /usr/local/bin
Found candidate GCC installation: /usr/lib/gcc/x86_64-linux-gnu/11
Found candidate GCC installation: /usr/lib/gcc/x86_64-linux-gnu/8
Found candidate GCC installation: /usr/lib/gcc/x86_64-linux-gnu/9
Selected GCC installation: /usr/lib/gcc/x86_64-linux-gnu/11
Candidate multilib: .;@m64
Selected multilib: .;@m64
 (in-process)
 "/usr/local/bin/clang-14" -cc1 -triple x86_64-unknown-linux-gnu -emit-obj -mrelax-all --mrelax-relocations -disable-free -clear-ast-before-backend -main-file-name CMakeCCompilerABI.c -mrelocation-model static -mframe-pointer=all -fmath-errno -ffp-contract=on -fno-rounding-math -mconstructor-aliases -funwind-tables=2 -target-cpu x86-64 -tune-cpu generic -mllvm -treat-scalable-fixed-error-as-warning -debugger-tuning=gdb -v -fcoverage-compilation-dir=/home/deb/Documents/OpenCL-Graph/build/CMakeFiles/CMakeTmp -resource-dir /usr/local/lib/clang/14.0.5 -dependency-file CMakeFiles/cmTC_07f3e.dir/CMakeCCompilerABI.c.o.d -MT CMakeFiles/cmTC_07f3e.dir/CMakeCCompilerABI.c.o -sys-header-deps -internal-isystem /usr/local/lib/clang/14.0.5/include -internal-isystem /usr/local/include -internal-isystem /usr/lib/gcc/x86_64-linux-gnu/11/../../../../x86_64-linux-gnu/include -internal-externc-isystem /usr/include/x86_64-linux-gnu -internal-externc-isystem /include -internal-externc-isystem /usr/include -fdebug-compilation-dir=/home/deb/Documents/OpenCL-Graph/build/CMakeFiles/CMakeTmp -ferror-limit 19 -fgnuc-version=4.2.1 -faddrsig -D__GCC_HAVE_DWARF2_CFI_ASM=1 -o CMakeFiles/cmTC_07f3e.dir/CMakeCCompilerABI.c.o -x c /usr/share/cmake-3.23/Modules/CMakeCCompilerABI.c
clang -cc1 version 14.0.5 based upon LLVM 14.0.5 default target x86_64-unknown-linux-gnu
ignoring nonexistent directory "/usr/lib/gcc/x86_64-linux-gnu/11/../../../../x86_64-linux-gnu/include"
ignoring nonexistent directory "/include"
#include "..." search starts here:
#include <...> search starts here:
 /usr/local/lib/clang/14.0.5/include
 /usr/local/include
 /usr/include/x86_64-linux-gnu
 /usr/include
End of search list.
[2/2] Linking C executable cmTC_07f3e
clang version 14.0.5 (https://github.com/llvm/llvm-project.git b950bd2ce7ff79b203b2acba02e1c468836989ae)
Target: x86_64-unknown-linux-gnu
Thread model: posix
InstalledDir: /usr/local/bin
Found candidate GCC installation: /usr/lib/gcc/x86_64-linux-gnu/11
Found candidate GCC installation: /usr/lib/gcc/x86_64-linux-gnu/8
Found candidate GCC installation: /usr/lib/gcc/x86_64-linux-gnu/9
Selected GCC installation: /usr/lib/gcc/x86_64-linux-gnu/11
Candidate multilib: .;@m64
Selected multilib: .;@m64
 "/usr/bin/ld" -z relro --hash-style=gnu --eh-frame-hdr -m elf_x86_64 -dynamic-linker /lib64/ld-linux-x86-64.so.2 -o cmTC_07f3e /lib/x86_64-linux-gnu/crt1.o /lib/x86_64-linux-gnu/crti.o /usr/lib/gcc/x86_64-linux-gnu/11/crtbegin.o -L/usr/lib/gcc/x86_64-linux-gnu/11 -L/usr/lib/gcc/x86_64-linux-gnu/11/../../../../lib64 -L/lib/x86_64-linux-gnu -L/lib/../lib64 -L/usr/lib/x86_64-linux-gnu -L/usr/lib/../lib64 -L/usr/local/bin/../lib -L/lib -L/usr/lib CMakeFiles/cmTC_07f3e.dir/CMakeCCompilerABI.c.o -lgcc --as-needed -lgcc_s --no-as-needed -lc -lgcc --as-needed -lgcc_s --no-as-needed /usr/lib/gcc/x86_64-linux-gnu/11/crtend.o /lib/x86_64-linux-gnu/crtn.o



Parsed C implicit include dir info from above output: rv=done
  found start of include info
  found start of implicit include info
    add: [/usr/local/lib/clang/14.0.5/include]
    add: [/usr/local/include]
    add: [/usr/include/x86_64-linux-gnu]
    add: [/usr/include]
  end of search list found
  collapse include dir [/usr/local/lib/clang/14.0.5/include] ==> [/usr/local/lib/clang/14.0.5/include]
  collapse include dir [/usr/local/include] ==> [/usr/local/include]
  collapse include dir [/usr/include/x86_64-linux-gnu] ==> [/usr/include/x86_64-linux-gnu]
  collapse include dir [/usr/include] ==> [/usr/include]
  implicit include dirs: [/usr/local/lib/clang/14.0.5/include;/usr/local/include;/usr/include/x86_64-linux-gnu;/usr/include]


Parsed C implicit link information from above output:
  link line regex: [^( *|.*[/\])(ld\.lld|CMAKE_LINK_STARTFILE-NOTFOUND|([^/\]+-)?ld|collect2)[^/\]*( |$)]
  ignore line: [Change Dir: /home/deb/Documents/OpenCL-Graph/build/CMakeFiles/CMakeTmp]
  ignore line: []
  ignore line: [Run Build Command(s):/usr/bin/ninja cmTC_07f3e && [1/2] Building C object CMakeFiles/cmTC_07f3e.dir/CMakeCCompilerABI.c.o]
  ignore line: [clang version 14.0.5 (https://github.com/llvm/llvm-project.git b950bd2ce7ff79b203b2acba02e1c468836989ae)]
  ignore line: [Target: x86_64-unknown-linux-gnu]
  ignore line: [Thread model: posix]
  ignore line: [InstalledDir: /usr/local/bin]
  ignore line: [Found candidate GCC installation: /usr/lib/gcc/x86_64-linux-gnu/11]
  ignore line: [Found candidate GCC installation: /usr/lib/gcc/x86_64-linux-gnu/8]
  ignore line: [Found candidate GCC installation: /usr/lib/gcc/x86_64-linux-gnu/9]
  ignore line: [Selected GCC installation: /usr/lib/gcc/x86_64-linux-gnu/11]
  ignore line: [Candidate multilib: .]
  ignore line: [@m64]
  ignore line: [Selected multilib: .]
  ignore line: [@m64]
  ignore line: [ (in-process)]
  ignore line: [ "/usr/local/bin/clang-14" -cc1 -triple x86_64-unknown-linux-gnu -emit-obj -mrelax-all --mrelax-relocations -disable-free -clear-ast-before-backend -main-file-name CMakeCCompilerABI.c -mrelocation-model static -mframe-pointer=all -fmath-errno -ffp-contract=on -fno-rounding-math -mconstructor-aliases -funwind-tables=2 -target-cpu x86-64 -tune-cpu generic -mllvm -treat-scalable-fixed-error-as-warning -debugger-tuning=gdb -v -fcoverage-compilation-dir=/home/deb/Documents/OpenCL-Graph/build/CMakeFiles/CMakeTmp -resource-dir /usr/local/lib/clang/14.0.5 -dependency-file CMakeFiles/cmTC_07f3e.dir/CMakeCCompilerABI.c.o.d -MT CMakeFiles/cmTC_07f3e.dir/CMakeCCompilerABI.c.o -sys-header-deps -internal-isystem /usr/local/lib/clang/14.0.5/include -internal-isystem /usr/local/include -internal-isystem /usr/lib/gcc/x86_64-linux-gnu/11/../../../../x86_64-linux-gnu/include -internal-externc-isystem /usr/include/x86_64-linux-gnu -internal-externc-isystem /include -internal-externc-isystem /usr/include -fdebug-compilation-dir=/home/deb/Documents/OpenCL-Graph/build/CMakeFiles/CMakeTmp -ferror-limit 19 -fgnuc-version=4.2.1 -faddrsig -D__GCC_HAVE_DWARF2_CFI_ASM=1 -o CMakeFiles/cmTC_07f3e.dir/CMakeCCompilerABI.c.o -x c /usr/share/cmake-3.23/Modules/CMakeCCompilerABI.c]
  ignore line: [clang -cc1 version 14.0.5 based upon LLVM 14.0.5 default target x86_64-unknown-linux-gnu]
  ignore line: [ignoring nonexistent directory "/usr/lib/gcc/x86_64-linux-gnu/11/../../../../x86_64-linux-gnu/include"]
  ignore line: [ignoring nonexistent directory "/include"]
  ignore line: [#include "..." search starts here:]
  ignore line: [#include <...> search starts here:]
  ignore line: [ /usr/local/lib/clang/14.0.5/include]
  ignore line: [ /usr/local/include]
  ignore line: [ /usr/include/x86_64-linux-gnu]
  ignore line: [ /usr/include]
  ignore line: [End of search list.]
  ignore line: [[2/2] Linking C executable cmTC_07f3e]
  ignore line: [clang version 14.0.5 (https://github.com/llvm/llvm-project.git b950bd2ce7ff79b203b2acba02e1c468836989ae)]
  ignore line: [Target: x86_64-unknown-linux-gnu]
  ignore line: [Thread model: posix]
  ignore line: [InstalledDir: /usr/local/bin]
  ignore line: [Found candidate GCC installation: /usr/lib/gcc/x86_64-linux-gnu/11]
  ignore line: [Found candidate GCC installation: /usr/lib/gcc/x86_64-linux-gnu/8]
  ignore line: [Found candidate GCC installation: /usr/lib/gcc/x86_64-linux-gnu/9]
  ignore line: [Selected GCC installation: /usr/lib/gcc/x86_64-linux-gnu/11]
  ignore line: [Candidate multilib: .]
  ignore line: [@m64]
  ignore line: [Selected multilib: .]
  ignore line: [@m64]
  link line: [ "/usr/bin/ld" -z relro --hash-style=gnu --eh-frame-hdr -m elf_x86_64 -dynamic-linker /lib64/ld-linux-x86-64.so.2 -o cmTC_07f3e /lib/x86_64-linux-gnu/crt1.o /lib/x86_64-linux-gnu/crti.o /usr/lib/gcc/x86_64-linux-gnu/11/crtbegin.o -L/usr/lib/gcc/x86_64-linux-gnu/11 -L/usr/lib/gcc/x86_64-linux-gnu/11/../../../../lib64 -L/lib/x86_64-linux-gnu -L/lib/../lib64 -L/usr/lib/x86_64-linux-gnu -L/usr/lib/../lib64 -L/usr/local/bin/../lib -L/lib -L/usr/lib CMakeFiles/cmTC_07f3e.dir/CMakeCCompilerABI.c.o -lgcc --as-needed -lgcc_s --no-as-needed -lc -lgcc --as-needed -lgcc_s --no-as-needed /usr/lib/gcc/x86_64-linux-gnu/11/crtend.o /lib/x86_64-linux-gnu/crtn.o]
    arg [/usr/bin/ld] ==> ignore
    arg [-zrelro] ==> ignore
    arg [--hash-style=gnu] ==> ignore
    arg [--eh-frame-hdr] ==> ignore
    arg [-m] ==> ignore
    arg [elf_x86_64] ==> ignore
    arg [-dynamic-linker] ==> ignore
    arg [/lib64/ld-linux-x86-64.so.2] ==> ignore
    arg [-o] ==> ignore
    arg [cmTC_07f3e] ==> ignore
    arg [/lib/x86_64-linux-gnu/crt1.o] ==> obj [/lib/x86_64-linux-gnu/crt1.o]
    arg [/lib/x86_64-linux-gnu/crti.o] ==> obj [/lib/x86_64-linux-gnu/crti.o]
    arg [/usr/lib/gcc/x86_64-linux-gnu/11/crtbegin.o] ==> obj [/usr/lib/gcc/x86_64-linux-gnu/11/crtbegin.o]
    arg [-L/usr/lib/gcc/x86_64-linux-gnu/11] ==> dir [/usr/lib/gcc/x86_64-linux-gnu/11]
    arg [-L/usr/lib/gcc/x86_64-linux-gnu/11/../../../../lib64] ==> dir [/usr/lib/gcc/x86_64-linux-gnu/11/../../../../lib64]
    arg [-L/lib/x86_64-linux-gnu] ==> dir [/lib/x86_64-linux-gnu]
    arg [-L/lib/../lib64] ==> dir [/lib/../lib64]
    arg [-L/usr/lib/x86_64-linux-gnu] ==> dir [/usr/lib/x86_64-linux-gnu]
    arg [-L/usr/lib/../lib64] ==> dir [/usr/lib/../lib64]
    arg [-L/usr/local/bin/../lib] ==> dir [/usr/local/bin/../lib]
    arg [-L/lib] ==> dir [/lib]
    arg [-L/usr/lib] ==> dir [/usr/lib]
    arg [CMakeFiles/cmTC_07f3e.dir/CMakeCCompilerABI.c.o] ==> ignore
    arg [-lgcc] ==> lib [gcc]
    arg [--as-needed] ==> ignore
    arg [-lgcc_s] ==> lib [gcc_s]
    arg [--no-as-needed] ==> ignore
    arg [-lc] ==> lib [c]
    arg [-lgcc] ==> lib [gcc]
    arg [--as-needed] ==> ignore
    arg [-lgcc_s] ==> lib [gcc_s]
    arg [--no-as-needed] ==> ignore
    arg [/usr/lib/gcc/x86_64-linux-gnu/11/crtend.o] ==> obj [/usr/lib/gcc/x86_64-linux-gnu/11/crtend.o]
    arg [/lib/x86_64-linux-gnu/crtn.o] ==> obj [/lib/x86_64-linux-gnu/crtn.o]
  collapse library dir [/usr/lib/gcc/x86_64-linux-gnu/11] ==> [/usr/lib/gcc/x86_64-linux-gnu/11]
  collapse library dir [/usr/lib/gcc/x86_64-linux-gnu/11/../../../../lib64] ==> [/usr/lib64]
  collapse library dir [/lib/x86_64-linux-gnu] ==> [/lib/x86_64-linux-gnu]
  collapse library dir [/lib/../lib64] ==> [/lib64]
  collapse library dir [/usr/lib/x86_64-linux-gnu] ==> [/usr/lib/x86_64-linux-gnu]
  collapse library dir [/usr/lib/../lib64] ==> [/usr/lib64]
  collapse library dir [/usr/local/bin/../lib] ==> [/usr/local/lib]
  collapse library dir [/lib] ==> [/lib]
  collapse library dir [/usr/lib] ==> [/usr/lib]
  implicit libs: [gcc;gcc_s;c;gcc;gcc_s]
  implicit objs: [/lib/x86_64-linux-gnu/crt1.o;/lib/x86_64-linux-gnu/crti.o;/usr/lib/gcc/x86_64-linux-gnu/11/crtbegin.o;/usr/lib/gcc/x86_64-linux-gnu/11/crtend.o;/lib/x86_64-linux-gnu/crtn.o]
  implicit dirs: [/usr/lib/gcc/x86_64-linux-gnu/11;/usr/lib64;/lib/x86_64-linux-gnu;/lib64;/usr/lib/x86_64-linux-gnu;/usr/local/lib;/lib;/usr/lib]
  implicit fwks: []


Detecting CXX compiler ABI info compiled with the following output:
Change Dir: /home/deb/Documents/OpenCL-Graph/build/CMakeFiles/CMakeTmp

Run Build Command(s):/usr/bin/ninja cmTC_8420b && [1/2] Building CXX object CMakeFiles/cmTC_8420b.dir/CMakeCXXCompilerABI.cpp.o
clang version 14.0.5 (https://github.com/llvm/llvm-project.git b950bd2ce7ff79b203b2acba02e1c468836989ae)
Target: x86_64-unknown-linux-gnu
Thread model: posix
InstalledDir: /usr/local/bin
Found candidate GCC installation: /usr/lib/gcc/x86_64-linux-gnu/11
Found candidate GCC installation: /usr/lib/gcc/x86_64-linux-gnu/8
Found candidate GCC installation: /usr/lib/gcc/x86_64-linux-gnu/9
Selected GCC installation: /usr/lib/gcc/x86_64-linux-gnu/11
Candidate multilib: .;@m64
Selected multilib: .;@m64
 (in-process)
 "/usr/local/bin/clang-14" -cc1 -triple x86_64-unknown-linux-gnu -emit-obj -mrelax-all --mrelax-relocations -disable-free -clear-ast-before-backend -main-file-name CMakeCXXCompilerABI.cpp -mrelocation-model static -mframe-pointer=all -fmath-errno -ffp-contract=on -fno-rounding-math -mconstructor-aliases -funwind-tables=2 -target-cpu x86-64 -tune-cpu generic -mllvm -treat-scalable-fixed-error-as-warning -debugger-tuning=gdb -v -fcoverage-compilation-dir=/home/deb/Documents/OpenCL-Graph/build/CMakeFiles/CMakeTmp -resource-dir /usr/local/lib/clang/14.0.5 -dependency-file CMakeFiles/cmTC_8420b.dir/CMakeCXXCompilerABI.cpp.o.d -MT CMakeFiles/cmTC_8420b.dir/CMakeCXXCompilerABI.cpp.o -sys-header-deps -internal-isystem /usr/lib/gcc/x86_64-linux-gnu/11/../../../../include/c++/11 -internal-isystem /usr/lib/gcc/x86_64-linux-gnu/11/../../../../include/x86_64-linux-gnu/c++/11 -internal-isystem /usr/lib/gcc/x86_64-linux-gnu/11/../../../../include/c++/11/backward -internal-isystem /usr/local/lib/clang/14.0.5/include -internal-isystem /usr/local/include -internal-isystem /usr/lib/gcc/x86_64-linux-gnu/11/../../../../x86_64-linux-gnu/include -internal-externc-isystem /usr/include/x86_64-linux-gnu -internal-externc-isystem /include -internal-externc-isystem /usr/include -fdeprecated-macro -fdebug-compilation-dir=/home/deb/Documents/OpenCL-Graph/build/CMakeFiles/CMakeTmp -ferror-limit 19 -fgnuc-version=4.2.1 -fcxx-exceptions -fexceptions -faddrsig -D__GCC_HAVE_DWARF2_CFI_ASM=1 -o CMakeFiles/cmTC_8420b.dir/CMakeCXXCompilerABI.cpp.o -x c++ /usr/share/cmake-3.23/Modules/CMakeCXXCompilerABI.cpp
clang -cc1 version 14.0.5 based upon LLVM 14.0.5 default target x86_64-unknown-linux-gnu
ignoring nonexistent directory "/usr/lib/gcc/x86_64-linux-gnu/11/../../../../x86_64-linux-gnu/include"
ignoring nonexistent directory "/include"
#include "..." search starts here:
#include <...> search starts here:
 /usr/lib/gcc/x86_64-linux-gnu/11/../../../../include/c++/11
 /usr/lib/gcc/x86_64-linux-gnu/11/../../../../include/x86_64-linux-gnu/c++/11
 /usr/lib/gcc/x86_64-linux-gnu/11/../../../../include/c++/11/backward
 /usr/local/lib/clang/14.0.5/include
 /usr/local/include
 /usr/include/x86_64-linux-gnu
 /usr/include
End of search list.
[2/2] Linking CXX executable cmTC_8420b
clang version 14.0.5 (https://github.com/llvm/llvm-project.git b950bd2ce7ff79b203b2acba02e1c468836989ae)
Target: x86_64-unknown-linux-gnu
Thread model: posix
InstalledDir: /usr/local/bin
Found candidate GCC installation: /usr/lib/gcc/x86_64-linux-gnu/11
Found candidate GCC installation: /usr/lib/gcc/x86_64-linux-gnu/8
Found candidate GCC installation: /usr/lib/gcc/x86_64-linux-gnu/9
Selected GCC installation: /usr/lib/gcc/x86_64-linux-gnu/11
Candidate multilib: .;@m64
Selected multilib: .;@m64
 "/usr/bin/ld" -z relro --hash-style=gnu --eh-frame-hdr -m elf_x86_64 -dynamic-linker /lib64/ld-linux-x86-64.so.2 -o cmTC_8420b /lib/x86_64-linux-gnu/crt1.o /lib/x86_64-linux-gnu/crti.o /usr/lib/gcc/x86_64-linux-gnu/11/crtbegin.o -L/usr/lib/gcc/x86_64-linux-gnu/11 -L/usr/lib/gcc/x86_64-linux-gnu/11/../../../../lib64 -L/lib/x86_64-linux-gnu -L/lib/../lib64 -L/usr/lib/x86_64-linux-gnu -L/usr/lib/../lib64 -L/usr/local/bin/../lib -L/lib -L/usr/lib CMakeFiles/cmTC_8420b.dir/CMakeCXXCompilerABI.cpp.o -lstdc++ -lm -lgcc_s -lgcc -lc -lgcc_s -lgcc /usr/lib/gcc/x86_64-linux-gnu/11/crtend.o /lib/x86_64-linux-gnu/crtn.o



Parsed CXX implicit include dir info from above output: rv=done
  found start of include info
  found start of implicit include info
    add: [/usr/lib/gcc/x86_64-linux-gnu/11/../../../../include/c++/11]
    add: [/usr/lib/gcc/x86_64-linux-gnu/11/../../../../include/x86_64-linux-gnu/c++/11]
    add: [/usr/lib/gcc/x86_64-linux-gnu/11/../../../../include/c++/11/backward]
    add: [/usr/local/lib/clang/14.0.5/include]
    add: [/usr/local/include]
    add: [/usr/include/x86_64-linux-gnu]
    add: [/usr/include]
  end of search list found
  collapse include dir [/usr/lib/gcc/x86_64-linux-gnu/11/../../../../include/c++/11] ==> [/usr/include/c++/11]
  collapse include dir [/usr/lib/gcc/x86_64-linux-gnu/11/../../../../include/x86_64-linux-gnu/c++/11] ==> [/usr/include/x86_64-linux-gnu/c++/11]
  collapse include dir [/usr/lib/gcc/x86_64-linux-gnu/11/../../../../include/c++/11/backward] ==> [/usr/include/c++/11/backward]
  collapse include dir [/usr/local/lib/clang/14.0.5/include] ==> [/usr/local/lib/clang/14.0.5/include]
  collapse include dir [/usr/local/include] ==> [/usr/local/include]
  collapse include dir [/usr/include/x86_64-linux-gnu] ==> [/usr/include/x86_64-linux-gnu]
  collapse include dir [/usr/include] ==> [/usr/include]
  implicit include dirs: [/usr/include/c++/11;/usr/include/x86_64-linux-gnu/c++/11;/usr/include/c++/11/backward;/usr/local/lib/clang/14.0.5/include;/usr/local/include;/usr/include/x86_64-linux-gnu;/usr/include]


Parsed CXX implicit link information from above output:
  link line regex: [^( *|.*[/\])(ld\.lld|CMAKE_LINK_STARTFILE-NOTFOUND|([^/\]+-)?ld|collect2)[^/\]*( |$)]
  ignore line: [Change Dir: /home/deb/Documents/OpenCL-Graph/build/CMakeFiles/CMakeTmp]
  ignore line: []
  ignore line: [Run Build Command(s):/usr/bin/ninja cmTC_8420b && [1/2] Building CXX object CMakeFiles/cmTC_8420b.dir/CMakeCXXCompilerABI.cpp.o]
  ignore line: [clang version 14.0.5 (https://github.com/llvm/llvm-project.git b950bd2ce7ff79b203b2acba02e1c468836989ae)]
  ignore line: [Target: x86_64-unknown-linux-gnu]
  ignore line: [Thread model: posix]
  ignore line: [InstalledDir: /usr/local/bin]
  ignore line: [Found candidate GCC installation: /usr/lib/gcc/x86_64-linux-gnu/11]
  ignore line: [Found candidate GCC installation: /usr/lib/gcc/x86_64-linux-gnu/8]
  ignore line: [Found candidate GCC installation: /usr/lib/gcc/x86_64-linux-gnu/9]
  ignore line: [Selected GCC installation: /usr/lib/gcc/x86_64-linux-gnu/11]
  ignore line: [Candidate multilib: .]
  ignore line: [@m64]
  ignore line: [Selected multilib: .]
  ignore line: [@m64]
  ignore line: [ (in-process)]
  ignore line: [ "/usr/local/bin/clang-14" -cc1 -triple x86_64-unknown-linux-gnu -emit-obj -mrelax-all --mrelax-relocations -disable-free -clear-ast-before-backend -main-file-name CMakeCXXCompilerABI.cpp -mrelocation-model static -mframe-pointer=all -fmath-errno -ffp-contract=on -fno-rounding-math -mconstructor-aliases -funwind-tables=2 -target-cpu x86-64 -tune-cpu generic -mllvm -treat-scalable-fixed-error-as-warning -debugger-tuning=gdb -v -fcoverage-compilation-dir=/home/deb/Documents/OpenCL-Graph/build/CMakeFiles/CMakeTmp -resource-dir /usr/local/lib/clang/14.0.5 -dependency-file CMakeFiles/cmTC_8420b.dir/CMakeCXXCompilerABI.cpp.o.d -MT CMakeFiles/cmTC_8420b.dir/CMakeCXXCompilerABI.cpp.o -sys-header-deps -internal-isystem /usr/lib/gcc/x86_64-linux-gnu/11/../../../../include/c++/11 -internal-isystem /usr/lib/gcc/x86_64-linux-gnu/11/../../../../include/x86_64-linux-gnu/c++/11 -internal-isystem /usr/lib/gcc/x86_64-linux-gnu/11/../../../../include/c++/11/backward -internal-isystem /usr/local/lib/clang/14.0.5/include -internal-isystem /usr/local/include -internal-isystem /usr/lib/gcc/x86_64-linux-gnu/11/../../../../x86_64-linux-gnu/include -internal-externc-isystem /usr/include/x86_64-linux-gnu -internal-externc-isystem /include -internal-externc-isystem /usr/include -fdeprecated-macro -fdebug-compilation-dir=/home/deb/Documents/OpenCL-Graph/build/CMakeFiles/CMakeTmp -ferror-limit 19 -fgnuc-version=4.2.1 -fcxx-exceptions -fexceptions -faddrsig -D__GCC_HAVE_DWARF2_CFI_ASM=1 -o CMakeFiles/cmTC_8420b.dir/CMakeCXXCompilerABI.cpp.o -x c++ /usr/share/cmake-3.23/Modules/CMakeCXXCompilerABI.cpp]
  ignore line: [clang -cc1 version 14.0.5 based upon LLVM 14.0.5 default target x86_64-unknown-linux-gnu]
  ignore line: [ignoring nonexistent directory "/usr/lib/gcc/x86_64-linux-gnu/11/../../../../x86_64-linux-gnu/include"]
  ignore line: [ignoring nonexistent directory "/include"]
  ignore line: [#include "..." search starts here:]
  ignore line: [#include <...> search starts here:]
  ignore line: [ /usr/lib/gcc/x86_64-linux-gnu/11/../../../../include/c++/11]
  ignore line: [ /usr/lib/gcc/x86_64-linux-gnu/11/../../../../include/x86_64-linux-gnu/c++/11]
  ignore line: [ /usr/lib/gcc/x86_64-linux-gnu/11/../../../../include/c++/11/backward]
  ignore line: [ /usr/local/lib/clang/14.0.5/include]
  ignore line: [ /usr/local/include]
  ignore line: [ /usr/include/x86_64-linux-gnu]
  ignore line: [ /usr/include]
  ignore line: [End of search list.]
  ignore line: [[2/2] Linking CXX executable cmTC_8420b]
  ignore line: [clang version 14.0.5 (https://github.com/llvm/llvm-project.git b950bd2ce7ff79b203b2acba02e1c468836989ae)]
  ignore line: [Target: x86_64-unknown-linux-gnu]
  ignore line: [Thread model: posix]
  ignore line: [InstalledDir: /usr/local/bin]
  ignore line: [Found candidate GCC installation: /usr/lib/gcc/x86_64-linux-gnu/11]
  ignore line: [Found candidate GCC installation: /usr/lib/gcc/x86_64-linux-gnu/8]
  ignore line: [Found candidate GCC installation: /usr/lib/gcc/x86_64-linux-gnu/9]
  ignore line: [Selected GCC installation: /usr/lib/gcc/x86_64-linux-gnu/11]
  ignore line: [Candidate multilib: .]
  ignore line: [@m64]
  ignore line: [Selected multilib: .]
  ignore line: [@m64]
  link line: [ "/usr/bin/ld" -z relro --hash-style=gnu --eh-frame-hdr -m elf_x86_64 -dynamic-linker /lib64/ld-linux-x86-64.so.2 -o cmTC_8420b /lib/x86_64-linux-gnu/crt1.o /lib/x86_64-linux-gnu/crti.o /usr/lib/gcc/x86_64-linux-gnu/11/crtbegin.o -L/usr/lib/gcc/x86_64-linux-gnu/11 -L/usr/lib/gcc/x86_64-linux-gnu/11/../../../../lib64 -L/lib/x86_64-linux-gnu -L/lib/../lib64 -L/usr/lib/x86_64-linux-gnu -L/usr/lib/../lib64 -L/usr/local/bin/../lib -L/lib -L/usr/lib CMakeFiles/cmTC_8420b.dir/CMakeCXXCompilerABI.cpp.o -lstdc++ -lm -lgcc_s -lgcc -lc -lgcc_s -lgcc /usr/lib/gcc/x86_64-linux-gnu/11/crtend.o /lib/x86_64-linux-gnu/crtn.o]
    arg [/usr/bin/ld] ==> ignore
    arg [-zrelro] ==> ignore
    arg [--hash-style=gnu] ==> ignore
    arg [--eh-frame-hdr] ==> ignore
    arg [-m] ==> ignore
    arg [elf_x86_64] ==> ignore
    arg [-dynamic-linker] ==> ignore
    arg [/lib64/ld-linux-x86-64.so.2] ==> ignore
    arg [-o] ==> ignore
    arg [cmTC_8420b] ==> ignore
    arg [/lib/x86_64-linux-gnu/crt1.o] ==> obj [/lib/x86_64-linux-gnu/crt1.o]
    arg [/lib/x86_64-linux-gnu/crti.o] ==> obj [/lib/x86_64-linux-gnu/crti.o]
    arg [/usr/lib/gcc/x86_64-linux-gnu/11/crtbegin.o] ==> obj [/usr/lib/gcc/x86_64-linux-gnu/11/crtbegin.o]
    arg [-L/usr/lib/gcc/x86_64-linux-gnu/11] ==> dir [/usr/lib/gcc/x86_64-linux-gnu/11]
    arg [-L/usr/lib/gcc/x86_64-linux-gnu/11/../../../../lib64] ==> dir [/usr/lib/gcc/x86_64-linux-gnu/11/../../../../lib64]
    arg [-L/lib/x86_64-linux-gnu] ==> dir [/lib/x86_64-linux-gnu]
    arg [-L/lib/../lib64] ==> dir [/lib/../lib64]
    arg [-L/usr/lib/x86_64-linux-gnu] ==> dir [/usr/lib/x86_64-linux-gnu]
    arg [-L/usr/lib/../lib64] ==> dir [/usr/lib/../lib64]
    arg [-L/usr/local/bin/../lib] ==> dir [/usr/local/bin/../lib]
    arg [-L/lib] ==> dir [/lib]
    arg [-L/usr/lib] ==> dir [/usr/lib]
    arg [CMakeFiles/cmTC_8420b.dir/CMakeCXXCompilerABI.cpp.o] ==> ignore
    arg [-lstdc++] ==> lib [stdc++]
    arg [-lm] ==> lib [m]
    arg [-lgcc_s] ==> lib [gcc_s]
    arg [-lgcc] ==> lib [gcc]
    arg [-lc] ==> lib [c]
    arg [-lgcc_s] ==> lib [gcc_s]
    arg [-lgcc] ==> lib [gcc]
    arg [/usr/lib/gcc/x86_64-linux-gnu/11/crtend.o] ==> obj [/usr/lib/gcc/x86_64-linux-gnu/11/crtend.o]
    arg [/lib/x86_64-linux-gnu/crtn.o] ==> obj [/lib/x86_64-linux-gnu/crtn.o]
  collapse library dir [/usr/lib/gcc/x86_64-linux-gnu/11] ==> [/usr/lib/gcc/x86_64-linux-gnu/11]
  collapse library dir [/usr/lib/gcc/x86_64-linux-gnu/11/../../../../lib64] ==> [/usr/lib64]
  collapse library dir [/lib/x86_64-linux-gnu] ==> [/lib/x86_64-linux-gnu]
  collapse library dir [/lib/../lib64] ==> [/lib64]
  collapse library dir [/usr/lib/x86_64-linux-gnu] ==> [/usr/lib/x86_64-linux-gnu]
  collapse library dir [/usr/lib/../lib64] ==> [/usr/lib64]
  collapse library dir [/usr/local/bin/../lib] ==> [/usr/local/lib]
  collapse library dir [/lib] ==> [/lib]
  collapse library dir [/usr/lib] ==> [/usr/lib]
  implicit libs: [stdc++;m;gcc_s;gcc;c;gcc_s;gcc]
  implicit objs: [/lib/x86_64-linux-gnu/crt1.o;/lib/x86_64-linux-gnu/crti.o;/usr/lib/gcc/x86_64-linux-gnu/11/crtbegin.o;/usr/lib/gcc/x86_64-linux-gnu/11/crtend.o;/lib/x86_64-linux-gnu/crtn.o]
  implicit dirs: [/usr/lib/gcc/x86_64-linux-gnu/11;/usr/lib64;/lib/x86_64-linux-gnu;/lib64;/usr/lib/x86_64-linux-gnu;/usr/local/lib;/lib;/usr/lib]
  implicit fwks: []


Determining if the CL_VERSION_2_2 exist passed with the following output:
Change Dir: /home/deb/Documents/OpenCL-Graph/build/CMakeFiles/CMakeTmp

Run Build Command(s):/usr/bin/ninja cmTC_17674 && [1/2] Building C object CMakeFiles/cmTC_17674.dir/CheckSymbolExists.c.o
[2/2] Linking C executable cmTC_17674


File /home/deb/Documents/OpenCL-Graph/build/CMakeFiles/CMakeTmp/CheckSymbolExists.c:
/* */
#include </usr/local/include/CL/cl.h>

int main(int argc, char** argv)
{
  (void)argv;
#ifndef CL_VERSION_2_2
  return ((int*)(&CL_VERSION_2_2))[argc];
#else
  (void)argc;
  return 0;
#endif
}
Determining if the include file pthread.h exists passed with the following output:
Change Dir: /home/deb/Documents/OpenCL-Graph/build/CMakeFiles/CMakeTmp

Run Build Command(s):/usr/bin/ninja cmTC_fedab && [1/2] Building C object CMakeFiles/cmTC_fedab.dir/CheckIncludeFile.c.o
[2/2] Linking C executable cmTC_fedab



Determining if the function pthread_create exists in the pthread passed with the following output:
Change Dir: /home/deb/Documents/OpenCL-Graph/build/CMakeFiles/CMakeTmp

Run Build Command(s):/usr/bin/ninja cmTC_414f1 && [1/2] Building C object CMakeFiles/cmTC_414f1.dir/CheckFunctionExists.c.o
[2/2] Linking C executable cmTC_414f1



Determining if the function sgemm_ exists passed with the following output:
Change Dir: /home/deb/Documents/OpenCL-Graph/build/CMakeFiles/CMakeTmp

Run Build Command(s):/usr/bin/ninja cmTC_23a24 && [1/2] Building C object CMakeFiles/cmTC_23a24.dir/CheckFunctionExists.c.o
[2/2] Linking C executable cmTC_23a24



Determining if the function cheev_ exists passed with the following output:
Change Dir: /home/deb/Documents/OpenCL-Graph/build/CMakeFiles/CMakeTmp

Run Build Command(s):/usr/bin/ninja cmTC_e4ff9 && [1/2] Building C object CMakeFiles/cmTC_e4ff9.dir/CheckFunctionExists.c.o
[2/2] Linking C executable cmTC_e4ff9



Detecting C OpenMP compiler ABI info compiled with the following output:
Change Dir: /home/deb/Documents/OpenCL-Graph/build/CMakeFiles/CMakeTmp

Run Build Command(s):/usr/bin/ninja cmTC_401b4 && [1/2] Building C object CMakeFiles/cmTC_401b4.dir/OpenMPTryFlag.c.o
clang version 14.0.5 (https://github.com/llvm/llvm-project.git b950bd2ce7ff79b203b2acba02e1c468836989ae)
Target: x86_64-unknown-linux-gnu
Thread model: posix
InstalledDir: /usr/local/bin
Found candidate GCC installation: /usr/lib/gcc/x86_64-linux-gnu/11
Found candidate GCC installation: /usr/lib/gcc/x86_64-linux-gnu/8
Found candidate GCC installation: /usr/lib/gcc/x86_64-linux-gnu/9
Selected GCC installation: /usr/lib/gcc/x86_64-linux-gnu/11
Candidate multilib: .;@m64
Selected multilib: .;@m64
 (in-process)
 "/usr/local/bin/clang-14" -cc1 -triple x86_64-unknown-linux-gnu -emit-obj -mrelax-all --mrelax-relocations -disable-free -clear-ast-before-backend -main-file-name OpenMPTryFlag.c -mrelocation-model static -mframe-pointer=all -fmath-errno -ffp-contract=on -fno-rounding-math -mconstructor-aliases -funwind-tables=2 -target-cpu x86-64 -tune-cpu generic -mllvm -treat-scalable-fixed-error-as-warning -debugger-tuning=gdb -v -fcoverage-compilation-dir=/home/deb/Documents/OpenCL-Graph/build/CMakeFiles/CMakeTmp -resource-dir /usr/local/lib/clang/14.0.5 -dependency-file CMakeFiles/cmTC_401b4.dir/OpenMPTryFlag.c.o.d -MT CMakeFiles/cmTC_401b4.dir/OpenMPTryFlag.c.o -sys-header-deps -internal-isystem /usr/local/lib/clang/14.0.5/include -internal-isystem /usr/local/include -internal-isystem /usr/lib/gcc/x86_64-linux-gnu/11/../../../../x86_64-linux-gnu/include -internal-externc-isystem /usr/include/x86_64-linux-gnu -internal-externc-isystem /include -internal-externc-isystem /usr/include -fdebug-compilation-dir=/home/deb/Documents/OpenCL-Graph/build/CMakeFiles/CMakeTmp -ferror-limit 19 -fopenmp -fopenmp-target-new-runtime -fgnuc-version=4.2.1 -faddrsig -D__GCC_HAVE_DWARF2_CFI_ASM=1 -o CMakeFiles/cmTC_401b4.dir/OpenMPTryFlag.c.o -x c /home/deb/Documents/OpenCL-Graph/build/CMakeFiles/FindOpenMP/OpenMPTryFlag.c
clang -cc1 version 14.0.5 based upon LLVM 14.0.5 default target x86_64-unknown-linux-gnu
ignoring nonexistent directory "/usr/lib/gcc/x86_64-linux-gnu/11/../../../../x86_64-linux-gnu/include"
ignoring nonexistent directory "/include"
#include "..." search starts here:
#include <...> search starts here:
 /usr/local/lib/clang/14.0.5/include
 /usr/local/include
 /usr/include/x86_64-linux-gnu
 /usr/include
End of search list.
[2/2] Linking C executable cmTC_401b4
clang version 14.0.5 (https://github.com/llvm/llvm-project.git b950bd2ce7ff79b203b2acba02e1c468836989ae)
Target: x86_64-unknown-linux-gnu
Thread model: posix
InstalledDir: /usr/local/bin
Found candidate GCC installation: /usr/lib/gcc/x86_64-linux-gnu/11
Found candidate GCC installation: /usr/lib/gcc/x86_64-linux-gnu/8
Found candidate GCC installation: /usr/lib/gcc/x86_64-linux-gnu/9
Selected GCC installation: /usr/lib/gcc/x86_64-linux-gnu/11
Candidate multilib: .;@m64
Selected multilib: .;@m64
 "/usr/bin/ld" -z relro --hash-style=gnu --eh-frame-hdr -m elf_x86_64 -dynamic-linker /lib64/ld-linux-x86-64.so.2 -o cmTC_401b4 /lib/x86_64-linux-gnu/crt1.o /lib/x86_64-linux-gnu/crti.o /usr/lib/gcc/x86_64-linux-gnu/11/crtbegin.o -L/usr/lib/gcc/x86_64-linux-gnu/11 -L/usr/lib/gcc/x86_64-linux-gnu/11/../../../../lib64 -L/lib/x86_64-linux-gnu -L/lib/../lib64 -L/usr/lib/x86_64-linux-gnu -L/usr/lib/../lib64 -L/usr/local/bin/../lib -L/lib -L/usr/lib CMakeFiles/cmTC_401b4.dir/OpenMPTryFlag.c.o -lomp -rpath /usr/local/lib -L/usr/local/lib -lgcc --as-needed -lgcc_s --no-as-needed -lpthread -lc -lgcc --as-needed -lgcc_s --no-as-needed /usr/lib/gcc/x86_64-linux-gnu/11/crtend.o /lib/x86_64-linux-gnu/crtn.o



Parsed C OpenMP implicit link information from above output:
  link line regex: [^( *|.*[/\])(ld\.lld|CMAKE_LINK_STARTFILE-NOTFOUND|([^/\]+-)?ld|collect2)[^/\]*( |$)]
  ignore line: [Change Dir: /home/deb/Documents/OpenCL-Graph/build/CMakeFiles/CMakeTmp]
  ignore line: []
  ignore line: [Run Build Command(s):/usr/bin/ninja cmTC_401b4 && [1/2] Building C object CMakeFiles/cmTC_401b4.dir/OpenMPTryFlag.c.o]
  ignore line: [clang version 14.0.5 (https://github.com/llvm/llvm-project.git b950bd2ce7ff79b203b2acba02e1c468836989ae)]
  ignore line: [Target: x86_64-unknown-linux-gnu]
  ignore line: [Thread model: posix]
  ignore line: [InstalledDir: /usr/local/bin]
  ignore line: [Found candidate GCC installation: /usr/lib/gcc/x86_64-linux-gnu/11]
  ignore line: [Found candidate GCC installation: /usr/lib/gcc/x86_64-linux-gnu/8]
  ignore line: [Found candidate GCC installation: /usr/lib/gcc/x86_64-linux-gnu/9]
  ignore line: [Selected GCC installation: /usr/lib/gcc/x86_64-linux-gnu/11]
  ignore line: [Candidate multilib: .]
  ignore line: [@m64]
  ignore line: [Selected multilib: .]
  ignore line: [@m64]
  ignore line: [ (in-process)]
  ignore line: [ "/usr/local/bin/clang-14" -cc1 -triple x86_64-unknown-linux-gnu -emit-obj -mrelax-all --mrelax-relocations -disable-free -clear-ast-before-backend -main-file-name OpenMPTryFlag.c -mrelocation-model static -mframe-pointer=all -fmath-errno -ffp-contract=on -fno-rounding-math -mconstructor-aliases -funwind-tables=2 -target-cpu x86-64 -tune-cpu generic -mllvm -treat-scalable-fixed-error-as-warning -debugger-tuning=gdb -v -fcoverage-compilation-dir=/home/deb/Documents/OpenCL-Graph/build/CMakeFiles/CMakeTmp -resource-dir /usr/local/lib/clang/14.0.5 -dependency-file CMakeFiles/cmTC_401b4.dir/OpenMPTryFlag.c.o.d -MT CMakeFiles/cmTC_401b4.dir/OpenMPTryFlag.c.o -sys-header-deps -internal-isystem /usr/local/lib/clang/14.0.5/include -internal-isystem /usr/local/include -internal-isystem /usr/lib/gcc/x86_64-linux-gnu/11/../../../../x86_64-linux-gnu/include -internal-externc-isystem /usr/include/x86_64-linux-gnu -internal-externc-isystem /include -internal-externc-isystem /usr/include -fdebug-compilation-dir=/home/deb/Documents/OpenCL-Graph/build/CMakeFiles/CMakeTmp -ferror-limit 19 -fopenmp -fopenmp-target-new-runtime -fgnuc-version=4.2.1 -faddrsig -D__GCC_HAVE_DWARF2_CFI_ASM=1 -o CMakeFiles/cmTC_401b4.dir/OpenMPTryFlag.c.o -x c /home/deb/Documents/OpenCL-Graph/build/CMakeFiles/FindOpenMP/OpenMPTryFlag.c]
  ignore line: [clang -cc1 version 14.0.5 based upon LLVM 14.0.5 default target x86_64-unknown-linux-gnu]
  ignore line: [ignoring nonexistent directory "/usr/lib/gcc/x86_64-linux-gnu/11/../../../../x86_64-linux-gnu/include"]
  ignore line: [ignoring nonexistent directory "/include"]
  ignore line: [#include "..." search starts here:]
  ignore line: [#include <...> search starts here:]
  ignore line: [ /usr/local/lib/clang/14.0.5/include]
  ignore line: [ /usr/local/include]
  ignore line: [ /usr/include/x86_64-linux-gnu]
  ignore line: [ /usr/include]
  ignore line: [End of search list.]
  ignore line: [[2/2] Linking C executable cmTC_401b4]
  ignore line: [clang version 14.0.5 (https://github.com/llvm/llvm-project.git b950bd2ce7ff79b203b2acba02e1c468836989ae)]
  ignore line: [Target: x86_64-unknown-linux-gnu]
  ignore line: [Thread model: posix]
  ignore line: [InstalledDir: /usr/local/bin]
  ignore line: [Found candidate GCC installation: /usr/lib/gcc/x86_64-linux-gnu/11]
  ignore line: [Found candidate GCC installation: /usr/lib/gcc/x86_64-linux-gnu/8]
  ignore line: [Found candidate GCC installation: /usr/lib/gcc/x86_64-linux-gnu/9]
  ignore line: [Selected GCC installation: /usr/lib/gcc/x86_64-linux-gnu/11]
  ignore line: [Candidate multilib: .]
  ignore line: [@m64]
  ignore line: [Selected multilib: .]
  ignore line: [@m64]
  link line: [ "/usr/bin/ld" -z relro --hash-style=gnu --eh-frame-hdr -m elf_x86_64 -dynamic-linker /lib64/ld-linux-x86-64.so.2 -o cmTC_401b4 /lib/x86_64-linux-gnu/crt1.o /lib/x86_64-linux-gnu/crti.o /usr/lib/gcc/x86_64-linux-gnu/11/crtbegin.o -L/usr/lib/gcc/x86_64-linux-gnu/11 -L/usr/lib/gcc/x86_64-linux-gnu/11/../../../../lib64 -L/lib/x86_64-linux-gnu -L/lib/../lib64 -L/usr/lib/x86_64-linux-gnu -L/usr/lib/../lib64 -L/usr/local/bin/../lib -L/lib -L/usr/lib CMakeFiles/cmTC_401b4.dir/OpenMPTryFlag.c.o -lomp -rpath /usr/local/lib -L/usr/local/lib -lgcc --as-needed -lgcc_s --no-as-needed -lpthread -lc -lgcc --as-needed -lgcc_s --no-as-needed /usr/lib/gcc/x86_64-linux-gnu/11/crtend.o /lib/x86_64-linux-gnu/crtn.o]
    arg [/usr/bin/ld] ==> ignore
    arg [-zrelro] ==> ignore
    arg [--hash-style=gnu] ==> ignore
    arg [--eh-frame-hdr] ==> ignore
    arg [-m] ==> ignore
    arg [elf_x86_64] ==> ignore
    arg [-dynamic-linker] ==> ignore
    arg [/lib64/ld-linux-x86-64.so.2] ==> ignore
    arg [-o] ==> ignore
    arg [cmTC_401b4] ==> ignore
    arg [-L/usr/lib/gcc/x86_64-linux-gnu/11] ==> dir [/usr/lib/gcc/x86_64-linux-gnu/11]
    arg [-L/usr/lib/gcc/x86_64-linux-gnu/11/../../../../lib64] ==> dir [/usr/lib/gcc/x86_64-linux-gnu/11/../../../../lib64]
    arg [-L/lib/x86_64-linux-gnu] ==> dir [/lib/x86_64-linux-gnu]
    arg [-L/lib/../lib64] ==> dir [/lib/../lib64]
    arg [-L/usr/lib/x86_64-linux-gnu] ==> dir [/usr/lib/x86_64-linux-gnu]
    arg [-L/usr/lib/../lib64] ==> dir [/usr/lib/../lib64]
    arg [-L/usr/local/bin/../lib] ==> dir [/usr/local/bin/../lib]
    arg [-L/lib] ==> dir [/lib]
    arg [-L/usr/lib] ==> dir [/usr/lib]
    arg [CMakeFiles/cmTC_401b4.dir/OpenMPTryFlag.c.o] ==> ignore
    arg [-lomp] ==> lib [omp]
    arg [-rpath] ==> ignore
    arg [/usr/local/lib] ==> ignore
    arg [-L/usr/local/lib] ==> dir [/usr/local/lib]
    arg [-lgcc] ==> lib [gcc]
    arg [--as-needed] ==> ignore
    arg [-lgcc_s] ==> lib [gcc_s]
    arg [--no-as-needed] ==> ignore
    arg [-lpthread] ==> lib [pthread]
    arg [-lc] ==> lib [c]
    arg [-lgcc] ==> lib [gcc]
    arg [--as-needed] ==> ignore
    arg [-lgcc_s] ==> lib [gcc_s]
    arg [--no-as-needed] ==> ignore
  collapse library dir [/usr/lib/gcc/x86_64-linux-gnu/11] ==> [/usr/lib/gcc/x86_64-linux-gnu/11]
  collapse library dir [/usr/lib/gcc/x86_64-linux-gnu/11/../../../../lib64] ==> [/usr/lib64]
  collapse library dir [/lib/x86_64-linux-gnu] ==> [/lib/x86_64-linux-gnu]
  collapse library dir [/lib/../lib64] ==> [/lib64]
  collapse library dir [/usr/lib/x86_64-linux-gnu] ==> [/usr/lib/x86_64-linux-gnu]
  collapse library dir [/usr/lib/../lib64] ==> [/usr/lib64]
  collapse library dir [/usr/local/bin/../lib] ==> [/usr/local/lib]
  collapse library dir [/lib] ==> [/lib]
  collapse library dir [/usr/lib] ==> [/usr/lib]
  collapse library dir [/usr/local/lib] ==> [/usr/local/lib]
  implicit libs: [omp;gcc;gcc_s;pthread;c;gcc;gcc_s]
  implicit objs: []
  implicit dirs: [/usr/lib/gcc/x86_64-linux-gnu/11;/usr/lib64;/lib/x86_64-linux-gnu;/lib64;/usr/lib/x86_64-linux-gnu;/usr/local/lib;/lib;/usr/lib]
  implicit fwks: []


Detecting CXX OpenMP compiler ABI info compiled with the following output:
Change Dir: /home/deb/Documents/OpenCL-Graph/build/CMakeFiles/CMakeTmp

Run Build Command(s):/usr/bin/ninja cmTC_7e5ff && [1/2] Building CXX object CMakeFiles/cmTC_7e5ff.dir/OpenMPTryFlag.cpp.o
clang version 14.0.5 (https://github.com/llvm/llvm-project.git b950bd2ce7ff79b203b2acba02e1c468836989ae)
Target: x86_64-unknown-linux-gnu
Thread model: posix
InstalledDir: /usr/local/bin
Found candidate GCC installation: /usr/lib/gcc/x86_64-linux-gnu/11
Found candidate GCC installation: /usr/lib/gcc/x86_64-linux-gnu/8
Found candidate GCC installation: /usr/lib/gcc/x86_64-linux-gnu/9
Selected GCC installation: /usr/lib/gcc/x86_64-linux-gnu/11
Candidate multilib: .;@m64
Selected multilib: .;@m64
 (in-process)
 "/usr/local/bin/clang-14" -cc1 -triple x86_64-unknown-linux-gnu -emit-obj -mrelax-all --mrelax-relocations -disable-free -clear-ast-before-backend -main-file-name OpenMPTryFlag.cpp -mrelocation-model static -mframe-pointer=all -fmath-errno -ffp-contract=on -fno-rounding-math -mconstructor-aliases -funwind-tables=2 -target-cpu x86-64 -tune-cpu generic -mllvm -treat-scalable-fixed-error-as-warning -debugger-tuning=gdb -v -fcoverage-compilation-dir=/home/deb/Documents/OpenCL-Graph/build/CMakeFiles/CMakeTmp -resource-dir /usr/local/lib/clang/14.0.5 -dependency-file CMakeFiles/cmTC_7e5ff.dir/OpenMPTryFlag.cpp.o.d -MT CMakeFiles/cmTC_7e5ff.dir/OpenMPTryFlag.cpp.o -sys-header-deps -internal-isystem /usr/lib/gcc/x86_64-linux-gnu/11/../../../../include/c++/11 -internal-isystem /usr/lib/gcc/x86_64-linux-gnu/11/../../../../include/x86_64-linux-gnu/c++/11 -internal-isystem /usr/lib/gcc/x86_64-linux-gnu/11/../../../../include/c++/11/backward -internal-isystem /usr/local/lib/clang/14.0.5/include -internal-isystem /usr/local/include -internal-isystem /usr/lib/gcc/x86_64-linux-gnu/11/../../../../x86_64-linux-gnu/include -internal-externc-isystem /usr/include/x86_64-linux-gnu -internal-externc-isystem /include -internal-externc-isystem /usr/include -fdeprecated-macro -fdebug-compilation-dir=/home/deb/Documents/OpenCL-Graph/build/CMakeFiles/CMakeTmp -ferror-limit 19 -fopenmp -fopenmp-target-new-runtime -fgnuc-version=4.2.1 -fcxx-exceptions -fexceptions -faddrsig -D__GCC_HAVE_DWARF2_CFI_ASM=1 -o CMakeFiles/cmTC_7e5ff.dir/OpenMPTryFlag.cpp.o -x c++ /home/deb/Documents/OpenCL-Graph/build/CMakeFiles/FindOpenMP/OpenMPTryFlag.cpp
clang -cc1 version 14.0.5 based upon LLVM 14.0.5 default target x86_64-unknown-linux-gnu
ignoring nonexistent directory "/usr/lib/gcc/x86_64-linux-gnu/11/../../../../x86_64-linux-gnu/include"
ignoring nonexistent directory "/include"
#include "..." search starts here:
#include <...> search starts here:
 /usr/lib/gcc/x86_64-linux-gnu/11/../../../../include/c++/11
 /usr/lib/gcc/x86_64-linux-gnu/11/../../../../include/x86_64-linux-gnu/c++/11
 /usr/lib/gcc/x86_64-linux-gnu/11/../../../../include/c++/11/backward
 /usr/local/lib/clang/14.0.5/include
 /usr/local/include
 /usr/include/x86_64-linux-gnu
 /usr/include
End of search list.
[2/2] Linking CXX executable cmTC_7e5ff
clang version 14.0.5 (https://github.com/llvm/llvm-project.git b950bd2ce7ff79b203b2acba02e1c468836989ae)
Target: x86_64-unknown-linux-gnu
Thread model: posix
InstalledDir: /usr/local/bin
Found candidate GCC installation: /usr/lib/gcc/x86_64-linux-gnu/11
Found candidate GCC installation: /usr/lib/gcc/x86_64-linux-gnu/8
Found candidate GCC installation: /usr/lib/gcc/x86_64-linux-gnu/9
Selected GCC installation: /usr/lib/gcc/x86_64-linux-gnu/11
Candidate multilib: .;@m64
Selected multilib: .;@m64
 "/usr/bin/ld" -z relro --hash-style=gnu --eh-frame-hdr -m elf_x86_64 -dynamic-linker /lib64/ld-linux-x86-64.so.2 -o cmTC_7e5ff /lib/x86_64-linux-gnu/crt1.o /lib/x86_64-linux-gnu/crti.o /usr/lib/gcc/x86_64-linux-gnu/11/crtbegin.o -L/usr/lib/gcc/x86_64-linux-gnu/11 -L/usr/lib/gcc/x86_64-linux-gnu/11/../../../../lib64 -L/lib/x86_64-linux-gnu -L/lib/../lib64 -L/usr/lib/x86_64-linux-gnu -L/usr/lib/../lib64 -L/usr/local/bin/../lib -L/lib -L/usr/lib CMakeFiles/cmTC_7e5ff.dir/OpenMPTryFlag.cpp.o -lstdc++ -lm -lomp -rpath /usr/local/lib -L/usr/local/lib -lgcc_s -lgcc -lpthread -lc -lgcc_s -lgcc /usr/lib/gcc/x86_64-linux-gnu/11/crtend.o /lib/x86_64-linux-gnu/crtn.o



Parsed CXX OpenMP implicit link information from above output:
  link line regex: [^( *|.*[/\])(ld\.lld|CMAKE_LINK_STARTFILE-NOTFOUND|([^/\]+-)?ld|collect2)[^/\]*( |$)]
  ignore line: [Change Dir: /home/deb/Documents/OpenCL-Graph/build/CMakeFiles/CMakeTmp]
  ignore line: []
  ignore line: [Run Build Command(s):/usr/bin/ninja cmTC_7e5ff && [1/2] Building CXX object CMakeFiles/cmTC_7e5ff.dir/OpenMPTryFlag.cpp.o]
  ignore line: [clang version 14.0.5 (https://github.com/llvm/llvm-project.git b950bd2ce7ff79b203b2acba02e1c468836989ae)]
  ignore line: [Target: x86_64-unknown-linux-gnu]
  ignore line: [Thread model: posix]
  ignore line: [InstalledDir: /usr/local/bin]
  ignore line: [Found candidate GCC installation: /usr/lib/gcc/x86_64-linux-gnu/11]
  ignore line: [Found candidate GCC installation: /usr/lib/gcc/x86_64-linux-gnu/8]
  ignore line: [Found candidate GCC installation: /usr/lib/gcc/x86_64-linux-gnu/9]
  ignore line: [Selected GCC installation: /usr/lib/gcc/x86_64-linux-gnu/11]
  ignore line: [Candidate multilib: .]
  ignore line: [@m64]
  ignore line: [Selected multilib: .]
  ignore line: [@m64]
  ignore line: [ (in-process)]
  ignore line: [ "/usr/local/bin/clang-14" -cc1 -triple x86_64-unknown-linux-gnu -emit-obj -mrelax-all --mrelax-relocations -disable-free -clear-ast-before-backend -main-file-name OpenMPTryFlag.cpp -mrelocation-model static -mframe-pointer=all -fmath-errno -ffp-contract=on -fno-rounding-math -mconstructor-aliases -funwind-tables=2 -target-cpu x86-64 -tune-cpu generic -mllvm -treat-scalable-fixed-error-as-warning -debugger-tuning=gdb -v -fcoverage-compilation-dir=/home/deb/Documents/OpenCL-Graph/build/CMakeFiles/CMakeTmp -resource-dir /usr/local/lib/clang/14.0.5 -dependency-file CMakeFiles/cmTC_7e5ff.dir/OpenMPTryFlag.cpp.o.d -MT CMakeFiles/cmTC_7e5ff.dir/OpenMPTryFlag.cpp.o -sys-header-deps -internal-isystem /usr/lib/gcc/x86_64-linux-gnu/11/../../../../include/c++/11 -internal-isystem /usr/lib/gcc/x86_64-linux-gnu/11/../../../../include/x86_64-linux-gnu/c++/11 -internal-isystem /usr/lib/gcc/x86_64-linux-gnu/11/../../../../include/c++/11/backward -internal-isystem /usr/local/lib/clang/14.0.5/include -internal-isystem /usr/local/include -internal-isystem /usr/lib/gcc/x86_64-linux-gnu/11/../../../../x86_64-linux-gnu/include -internal-externc-isystem /usr/include/x86_64-linux-gnu -internal-externc-isystem /include -internal-externc-isystem /usr/include -fdeprecated-macro -fdebug-compilation-dir=/home/deb/Documents/OpenCL-Graph/build/CMakeFiles/CMakeTmp -ferror-limit 19 -fopenmp -fopenmp-target-new-runtime -fgnuc-version=4.2.1 -fcxx-exceptions -fexceptions -faddrsig -D__GCC_HAVE_DWARF2_CFI_ASM=1 -o CMakeFiles/cmTC_7e5ff.dir/OpenMPTryFlag.cpp.o -x c++ /home/deb/Documents/OpenCL-Graph/build/CMakeFiles/FindOpenMP/OpenMPTryFlag.cpp]
  ignore line: [clang -cc1 version 14.0.5 based upon LLVM 14.0.5 default target x86_64-unknown-linux-gnu]
  ignore line: [ignoring nonexistent directory "/usr/lib/gcc/x86_64-linux-gnu/11/../../../../x86_64-linux-gnu/include"]
  ignore line: [ignoring nonexistent directory "/include"]
  ignore line: [#include "..." search starts here:]
  ignore line: [#include <...> search starts here:]
  ignore line: [ /usr/lib/gcc/x86_64-linux-gnu/11/../../../../include/c++/11]
  ignore line: [ /usr/lib/gcc/x86_64-linux-gnu/11/../../../../include/x86_64-linux-gnu/c++/11]
  ignore line: [ /usr/lib/gcc/x86_64-linux-gnu/11/../../../../include/c++/11/backward]
  ignore line: [ /usr/local/lib/clang/14.0.5/include]
  ignore line: [ /usr/local/include]
  ignore line: [ /usr/include/x86_64-linux-gnu]
  ignore line: [ /usr/include]
  ignore line: [End of search list.]
  ignore line: [[2/2] Linking CXX executable cmTC_7e5ff]
  ignore line: [clang version 14.0.5 (https://github.com/llvm/llvm-project.git b950bd2ce7ff79b203b2acba02e1c468836989ae)]
  ignore line: [Target: x86_64-unknown-linux-gnu]
  ignore line: [Thread model: posix]
  ignore line: [InstalledDir: /usr/local/bin]
  ignore line: [Found candidate GCC installation: /usr/lib/gcc/x86_64-linux-gnu/11]
  ignore line: [Found candidate GCC installation: /usr/lib/gcc/x86_64-linux-gnu/8]
  ignore line: [Found candidate GCC installation: /usr/lib/gcc/x86_64-linux-gnu/9]
  ignore line: [Selected GCC installation: /usr/lib/gcc/x86_64-linux-gnu/11]
  ignore line: [Candidate multilib: .]
  ignore line: [@m64]
  ignore line: [Selected multilib: .]
  ignore line: [@m64]
  link line: [ "/usr/bin/ld" -z relro --hash-style=gnu --eh-frame-hdr -m elf_x86_64 -dynamic-linker /lib64/ld-linux-x86-64.so.2 -o cmTC_7e5ff /lib/x86_64-linux-gnu/crt1.o /lib/x86_64-linux-gnu/crti.o /usr/lib/gcc/x86_64-linux-gnu/11/crtbegin.o -L/usr/lib/gcc/x86_64-linux-gnu/11 -L/usr/lib/gcc/x86_64-linux-gnu/11/../../../../lib64 -L/lib/x86_64-linux-gnu -L/lib/../lib64 -L/usr/lib/x86_64-linux-gnu -L/usr/lib/../lib64 -L/usr/local/bin/../lib -L/lib -L/usr/lib CMakeFiles/cmTC_7e5ff.dir/OpenMPTryFlag.cpp.o -lstdc++ -lm -lomp -rpath /usr/local/lib -L/usr/local/lib -lgcc_s -lgcc -lpthread -lc -lgcc_s -lgcc /usr/lib/gcc/x86_64-linux-gnu/11/crtend.o /lib/x86_64-linux-gnu/crtn.o]
    arg [/usr/bin/ld] ==> ignore
    arg [-zrelro] ==> ignore
    arg [--hash-style=gnu] ==> ignore
    arg [--eh-frame-hdr] ==> ignore
    arg [-m] ==> ignore
    arg [elf_x86_64] ==> ignore
    arg [-dynamic-linker] ==> ignore
    arg [/lib64/ld-linux-x86-64.so.2] ==> ignore
    arg [-o] ==> ignore
    arg [cmTC_7e5ff] ==> ignore
    arg [-L/usr/lib/gcc/x86_64-linux-gnu/11] ==> dir [/usr/lib/gcc/x86_64-linux-gnu/11]
    arg [-L/usr/lib/gcc/x86_64-linux-gnu/11/../../../../lib64] ==> dir [/usr/lib/gcc/x86_64-linux-gnu/11/../../../../lib64]
    arg [-L/lib/x86_64-linux-gnu] ==> dir [/lib/x86_64-linux-gnu]
    arg [-L/lib/../lib64] ==> dir [/lib/../lib64]
    arg [-L/usr/lib/x86_64-linux-gnu] ==> dir [/usr/lib/x86_64-linux-gnu]
    arg [-L/usr/lib/../lib64] ==> dir [/usr/lib/../lib64]
    arg [-L/usr/local/bin/../lib] ==> dir [/usr/local/bin/../lib]
    arg [-L/lib] ==> dir [/lib]
    arg [-L/usr/lib] ==> dir [/usr/lib]
    arg [CMakeFiles/cmTC_7e5ff.dir/OpenMPTryFlag.cpp.o] ==> ignore
    arg [-lstdc++] ==> lib [stdc++]
    arg [-lm] ==> lib [m]
    arg [-lomp] ==> lib [omp]
    arg [-rpath] ==> ignore
    arg [/usr/local/lib] ==> ignore
    arg [-L/usr/local/lib] ==> dir [/usr/local/lib]
    arg [-lgcc_s] ==> lib [gcc_s]
    arg [-lgcc] ==> lib [gcc]
    arg [-lpthread] ==> lib [pthread]
    arg [-lc] ==> lib [c]
    arg [-lgcc_s] ==> lib [gcc_s]
    arg [-lgcc] ==> lib [gcc]
  collapse library dir [/usr/lib/gcc/x86_64-linux-gnu/11] ==> [/usr/lib/gcc/x86_64-linux-gnu/11]
  collapse library dir [/usr/lib/gcc/x86_64-linux-gnu/11/../../../../lib64] ==> [/usr/lib64]
  collapse library dir [/lib/x86_64-linux-gnu] ==> [/lib/x86_64-linux-gnu]
  collapse library dir [/lib/../lib64] ==> [/lib64]
  collapse library dir [/usr/lib/x86_64-linux-gnu] ==> [/usr/lib/x86_64-linux-gnu]
  collapse library dir [/usr/lib/../lib64] ==> [/usr/lib64]
  collapse library dir [/usr/local/bin/../lib] ==> [/usr/local/lib]
  collapse library dir [/lib] ==> [/lib]
  collapse library dir [/usr/lib] ==> [/usr/lib]
  collapse library dir [/usr/local/lib] ==> [/usr/local/lib]
  implicit libs: [stdc++;m;omp;gcc_s;gcc;pthread;c;gcc_s;gcc]
  implicit objs: []
  implicit dirs: [/usr/lib/gcc/x86_64-linux-gnu/11;/usr/lib64;/lib/x86_64-linux-gnu;/lib64;/usr/lib/x86_64-linux-gnu;/usr/local/lib;/lib;/usr/lib]
  implicit fwks: []


